10 Mar 2025 11:27:25,084 INFO  CarsDBRepository 19 <init> - Initializing CarsDBRepository with properties: {} 
10 Mar 2025 11:27:25,092 TRACE CarsDBRepository 57 add - Enter saving task Id=0 Tesla Model S 2019
10 Mar 2025 11:27:25,092 TRACE JdbcUtils 46 getConnection - Enter
10 Mar 2025 11:27:25,092 TRACE JdbcUtils 23 getNewConnection - Enter
10 Mar 2025 11:27:25,092 INFO  JdbcUtils 28 getNewConnection - trying to connect to database ... null
10 Mar 2025 11:27:25,093 INFO  JdbcUtils 29 getNewConnection - user: null
10 Mar 2025 11:27:25,093 INFO  JdbcUtils 30 getNewConnection - pass: null
10 Mar 2025 11:27:25,094 ERROR JdbcUtils 39 getNewConnection - java.sql.SQLException: The url cannot be null
10 Mar 2025 11:27:25,095 TRACE JdbcUtils 55 getConnection - Exit
10 Mar 2025 11:28:28,770 INFO  CarsDBRepository 19 <init> - Initializing CarsDBRepository with properties: {} 
10 Mar 2025 11:28:28,777 TRACE CarsDBRepository 57 add - Enter saving task Id=0 Tesla Model S 2019
10 Mar 2025 11:28:28,778 TRACE JdbcUtils 46 getConnection - Enter
10 Mar 2025 11:28:28,778 TRACE JdbcUtils 23 getNewConnection - Enter
10 Mar 2025 11:28:28,778 INFO  JdbcUtils 28 getNewConnection - trying to connect to database ... null
10 Mar 2025 11:28:28,778 INFO  JdbcUtils 29 getNewConnection - user: null
10 Mar 2025 11:28:28,778 INFO  JdbcUtils 30 getNewConnection - pass: null
10 Mar 2025 11:28:28,780 ERROR JdbcUtils 39 getNewConnection - java.sql.SQLException: The url cannot be null
10 Mar 2025 11:28:28,780 TRACE JdbcUtils 55 getConnection - Exit
10 Mar 2025 11:29:15,697 INFO  CarsDBRepository 19 <init> - Initializing CarsDBRepository with properties: {} 
10 Mar 2025 11:29:15,709 TRACE CarsDBRepository 57 add - Enter saving task Id=0 Tesla Model S 2019
10 Mar 2025 11:29:15,709 TRACE JdbcUtils 46 getConnection - Enter
10 Mar 2025 11:29:15,710 TRACE JdbcUtils 23 getNewConnection - Enter
10 Mar 2025 11:29:15,710 INFO  JdbcUtils 28 getNewConnection - trying to connect to database ... null
10 Mar 2025 11:29:15,711 INFO  JdbcUtils 29 getNewConnection - user: null
10 Mar 2025 11:29:15,711 INFO  JdbcUtils 30 getNewConnection - pass: null
10 Mar 2025 11:29:15,713 ERROR JdbcUtils 39 getNewConnection - java.sql.SQLException: The url cannot be null
10 Mar 2025 11:29:15,714 TRACE JdbcUtils 55 getConnection - Exit
10 Mar 2025 11:31:39,973 INFO  CarsDBRepository 19 <init> - Initializing CarsDBRepository with properties: {} 
10 Mar 2025 11:31:39,983 TRACE CarsDBRepository 57 add - Enter saving task Id=0 Tesla Model S 2019
10 Mar 2025 11:31:39,984 TRACE JdbcUtils 46 getConnection - Enter
10 Mar 2025 11:31:39,984 TRACE JdbcUtils 23 getNewConnection - Enter
10 Mar 2025 11:31:39,984 INFO  JdbcUtils 28 getNewConnection - trying to connect to database ... null
10 Mar 2025 11:31:39,984 INFO  JdbcUtils 29 getNewConnection - user: null
10 Mar 2025 11:31:39,984 INFO  JdbcUtils 30 getNewConnection - pass: null
10 Mar 2025 11:31:39,987 ERROR JdbcUtils 39 getNewConnection - java.sql.SQLException: The url cannot be null
10 Mar 2025 11:31:39,987 TRACE JdbcUtils 55 getConnection - Exit
